2025/04/04 20:27:32 [notice] 1#1: using the "epoll" event method
2025/04/04 20:27:32 [notice] 1#1: nginx/1.27.4
2025/04/04 20:27:32 [notice] 1#1: built by gcc 12.2.0 (Debian 12.2.0-14) 
2025/04/04 20:27:32 [notice] 1#1: OS: Linux 6.10.14-linuxkit
2025/04/04 20:27:32 [notice] 1#1: getrlimit(RLIMIT_NOFILE): 1048576:1048576
2025/04/04 20:27:32 [notice] 1#1: start worker processes
2025/04/04 20:27:32 [notice] 1#1: start worker process 28
2025/04/04 20:27:32 [notice] 1#1: start worker process 29
2025/04/04 20:27:32 [notice] 1#1: start worker process 30
2025/04/04 20:27:32 [notice] 1#1: start worker process 31
2025/04/04 20:27:32 [notice] 1#1: start worker process 32
2025/04/04 20:27:32 [notice] 1#1: start worker process 33
2025/04/04 20:27:32 [notice] 1#1: start worker process 34
2025/04/04 20:27:32 [notice] 1#1: start worker process 35
2025/04/04 20:34:10 [notice] 1#1: signal 3 (SIGQUIT) received, shutting down
2025/04/04 20:34:10 [notice] 28#28: gracefully shutting down
2025/04/04 20:34:10 [notice] 29#29: gracefully shutting down
2025/04/04 20:34:10 [notice] 29#29: exiting
2025/04/04 20:34:10 [notice] 33#33: gracefully shutting down
2025/04/04 20:34:10 [notice] 33#33: exiting
2025/04/04 20:34:10 [notice] 30#30: gracefully shutting down
2025/04/04 20:34:10 [notice] 31#31: gracefully shutting down
2025/04/04 20:34:10 [notice] 32#32: gracefully shutting down
2025/04/04 20:34:10 [notice] 34#34: gracefully shutting down
2025/04/04 20:34:10 [notice] 34#34: exiting
2025/04/04 20:34:10 [notice] 35#35: gracefully shutting down
2025/04/04 20:34:10 [notice] 35#35: exiting
2025/04/04 20:34:10 [notice] 28#28: exiting
2025/04/04 20:34:10 [notice] 28#28: exit
2025/04/04 20:34:10 [notice] 29#29: exit
2025/04/04 20:34:10 [notice] 33#33: exit
2025/04/04 20:34:10 [notice] 30#30: exiting
2025/04/04 20:34:10 [notice] 30#30: exit
2025/04/04 20:34:10 [notice] 31#31: exiting
2025/04/04 20:34:10 [notice] 32#32: exiting
2025/04/04 20:34:10 [notice] 32#32: exit
2025/04/04 20:34:10 [notice] 34#34: exit
2025/04/04 20:34:10 [notice] 35#35: exit
2025/04/04 20:34:10 [notice] 31#31: exit
2025/04/04 20:34:10 [notice] 1#1: signal 17 (SIGCHLD) received from 33
2025/04/04 20:34:10 [notice] 1#1: worker process 28 exited with code 0
2025/04/04 20:34:10 [notice] 1#1: worker process 29 exited with code 0
2025/04/04 20:34:10 [notice] 1#1: worker process 30 exited with code 0
2025/04/04 20:34:10 [notice] 1#1: worker process 33 exited with code 0
2025/04/04 20:34:10 [notice] 1#1: signal 29 (SIGIO) received
2025/04/04 20:34:10 [notice] 1#1: signal 17 (SIGCHLD) received from 32
2025/04/04 20:34:10 [notice] 1#1: worker process 32 exited with code 0
2025/04/04 20:34:10 [notice] 1#1: worker process 34 exited with code 0
2025/04/04 20:34:10 [notice] 1#1: signal 29 (SIGIO) received
2025/04/04 20:34:10 [notice] 1#1: signal 17 (SIGCHLD) received from 35
2025/04/04 20:34:10 [notice] 1#1: worker process 31 exited with code 0
2025/04/04 20:34:10 [notice] 1#1: worker process 35 exited with code 0
2025/04/04 20:34:10 [notice] 1#1: exit
2025/04/04 20:34:11 [notice] 1#1: using the "epoll" event method
2025/04/04 20:34:11 [notice] 1#1: nginx/1.27.4
2025/04/04 20:34:11 [notice] 1#1: built by gcc 12.2.0 (Debian 12.2.0-14) 
2025/04/04 20:34:11 [notice] 1#1: OS: Linux 6.10.14-linuxkit
2025/04/04 20:34:11 [notice] 1#1: getrlimit(RLIMIT_NOFILE): 1048576:1048576
2025/04/04 20:34:11 [notice] 1#1: start worker processes
2025/04/04 20:34:11 [notice] 1#1: start worker process 28
2025/04/04 20:34:11 [notice] 1#1: start worker process 29
2025/04/04 20:34:11 [notice] 1#1: start worker process 30
2025/04/04 20:34:11 [notice] 1#1: start worker process 31
2025/04/04 20:34:11 [notice] 1#1: start worker process 32
2025/04/04 20:34:11 [notice] 1#1: start worker process 33
2025/04/04 20:34:11 [notice] 1#1: start worker process 34
2025/04/04 20:34:11 [notice] 1#1: start worker process 35
2025/04/04 21:03:56 [notice] 1#1: signal 3 (SIGQUIT) received, shutting down
2025/04/04 21:03:56 [notice] 31#31: gracefully shutting down
2025/04/04 21:03:56 [notice] 31#31: exiting
2025/04/04 21:03:56 [notice] 30#30: gracefully shutting down
2025/04/04 21:03:56 [notice] 34#34: gracefully shutting down
2025/04/04 21:03:56 [notice] 34#34: exiting
2025/04/04 21:03:56 [notice] 33#33: gracefully shutting down
2025/04/04 21:03:56 [notice] 35#35: gracefully shutting down
2025/04/04 21:03:56 [notice] 35#35: exiting
2025/04/04 21:03:56 [notice] 32#32: gracefully shutting down
2025/04/04 21:03:56 [notice] 32#32: exiting
2025/04/04 21:03:56 [notice] 29#29: gracefully shutting down
2025/04/04 21:03:56 [notice] 29#29: exiting
2025/04/04 21:03:56 [notice] 28#28: gracefully shutting down
2025/04/04 21:03:56 [notice] 31#31: exit
2025/04/04 21:03:56 [notice] 30#30: exiting
2025/04/04 21:03:56 [notice] 30#30: exit
2025/04/04 21:03:56 [notice] 34#34: exit
2025/04/04 21:03:56 [notice] 33#33: exiting
2025/04/04 21:03:56 [notice] 35#35: exit
2025/04/04 21:03:56 [notice] 32#32: exit
2025/04/04 21:03:56 [notice] 29#29: exit
2025/04/04 21:03:56 [notice] 28#28: exiting
2025/04/04 21:03:56 [notice] 28#28: exit
2025/04/04 21:03:56 [notice] 33#33: exit
2025/04/04 21:03:56 [notice] 1#1: signal 17 (SIGCHLD) received from 31
2025/04/04 21:03:56 [notice] 1#1: worker process 31 exited with code 0
2025/04/04 21:03:56 [notice] 1#1: signal 29 (SIGIO) received
2025/04/04 21:03:56 [notice] 1#1: signal 17 (SIGCHLD) received from 30
2025/04/04 21:03:56 [notice] 1#1: worker process 30 exited with code 0
2025/04/04 21:03:56 [notice] 1#1: worker process 34 exited with code 0
2025/04/04 21:03:56 [notice] 1#1: worker process 35 exited with code 0
2025/04/04 21:03:56 [notice] 1#1: signal 29 (SIGIO) received
2025/04/04 21:03:56 [notice] 1#1: signal 17 (SIGCHLD) received from 32
2025/04/04 21:03:56 [notice] 1#1: worker process 29 exited with code 0
2025/04/04 21:03:56 [notice] 1#1: worker process 32 exited with code 0
2025/04/04 21:03:56 [notice] 1#1: signal 29 (SIGIO) received
2025/04/04 21:03:56 [notice] 1#1: signal 17 (SIGCHLD) received from 28
2025/04/04 21:03:56 [notice] 1#1: worker process 28 exited with code 0
2025/04/04 21:03:56 [notice] 1#1: worker process 33 exited with code 0
2025/04/04 21:03:56 [notice] 1#1: exit
2025/04/04 21:03:57 [notice] 1#1: using the "epoll" event method
2025/04/04 21:03:57 [notice] 1#1: nginx/1.27.4
2025/04/04 21:03:57 [notice] 1#1: built by gcc 12.2.0 (Debian 12.2.0-14) 
2025/04/04 21:03:57 [notice] 1#1: OS: Linux 6.10.14-linuxkit
2025/04/04 21:03:57 [notice] 1#1: getrlimit(RLIMIT_NOFILE): 1048576:1048576
2025/04/04 21:03:57 [notice] 1#1: start worker processes
2025/04/04 21:03:57 [notice] 1#1: start worker process 28
2025/04/04 21:03:57 [notice] 1#1: start worker process 29
2025/04/04 21:03:57 [notice] 1#1: start worker process 30
2025/04/04 21:03:57 [notice] 1#1: start worker process 31
2025/04/04 21:03:57 [notice] 1#1: start worker process 32
2025/04/04 21:03:57 [notice] 1#1: start worker process 33
2025/04/04 21:03:57 [notice] 1#1: start worker process 34
2025/04/04 21:03:57 [notice] 1#1: start worker process 35
2025/04/05 07:24:35 [notice] 1#1: signal 3 (SIGQUIT) received, shutting down
2025/04/05 07:24:35 [notice] 29#29: gracefully shutting down
2025/04/05 07:24:35 [notice] 30#30: gracefully shutting down
2025/04/05 07:24:35 [notice] 28#28: gracefully shutting down
2025/04/05 07:24:35 [notice] 32#32: gracefully shutting down
2025/04/05 07:24:35 [notice] 31#31: gracefully shutting down
2025/04/05 07:24:35 [notice] 31#31: exiting
2025/04/05 07:24:35 [notice] 29#29: exiting
2025/04/05 07:24:35 [notice] 35#35: gracefully shutting down
2025/04/05 07:24:35 [notice] 34#34: gracefully shutting down
2025/04/05 07:24:35 [notice] 34#34: exiting
2025/04/05 07:24:35 [notice] 33#33: gracefully shutting down
2025/04/05 07:24:35 [notice] 30#30: exiting
2025/04/05 07:24:35 [notice] 28#28: exiting
2025/04/05 07:24:35 [notice] 28#28: exit
2025/04/05 07:24:35 [notice] 32#32: exiting
2025/04/05 07:24:35 [notice] 32#32: exit
2025/04/05 07:24:35 [notice] 31#31: exit
2025/04/05 07:24:35 [notice] 29#29: exit
2025/04/05 07:24:35 [notice] 35#35: exiting
2025/04/05 07:24:35 [notice] 34#34: exit
2025/04/05 07:24:35 [notice] 33#33: exiting
2025/04/05 07:24:35 [notice] 30#30: exit
2025/04/05 07:24:35 [notice] 35#35: exit
2025/04/05 07:24:35 [notice] 33#33: exit
2025/04/05 07:24:35 [notice] 1#1: signal 17 (SIGCHLD) received from 32
2025/04/05 07:24:35 [notice] 1#1: worker process 32 exited with code 0
2025/04/05 07:24:35 [notice] 1#1: signal 29 (SIGIO) received
2025/04/05 07:24:35 [notice] 1#1: signal 17 (SIGCHLD) received from 34
2025/04/05 07:24:35 [notice] 1#1: worker process 34 exited with code 0
2025/04/05 07:24:35 [notice] 1#1: signal 29 (SIGIO) received
2025/04/05 07:24:35 [notice] 1#1: signal 17 (SIGCHLD) received from 31
2025/04/05 07:24:35 [notice] 1#1: worker process 29 exited with code 0
2025/04/05 07:24:35 [notice] 1#1: worker process 30 exited with code 0
2025/04/05 07:24:35 [notice] 1#1: worker process 31 exited with code 0
2025/04/05 07:24:35 [notice] 1#1: worker process 33 exited with code 0
2025/04/05 07:24:35 [notice] 1#1: worker process 35 exited with code 0
2025/04/05 07:24:36 [notice] 1#1: signal 29 (SIGIO) received
2025/04/05 07:24:36 [notice] 1#1: signal 17 (SIGCHLD) received from 28
2025/04/05 07:24:36 [notice] 1#1: worker process 28 exited with code 0
2025/04/05 07:24:36 [notice] 1#1: exit
2025/04/05 07:25:00 [notice] 1#1: using the "epoll" event method
2025/04/05 07:25:00 [notice] 1#1: nginx/1.27.4
2025/04/05 07:25:00 [notice] 1#1: built by gcc 12.2.0 (Debian 12.2.0-14) 
2025/04/05 07:25:00 [notice] 1#1: OS: Linux 6.10.14-linuxkit
2025/04/05 07:25:00 [notice] 1#1: getrlimit(RLIMIT_NOFILE): 1048576:1048576
2025/04/05 07:25:00 [notice] 1#1: start worker processes
2025/04/05 07:25:00 [notice] 1#1: start worker process 27
2025/04/05 07:25:00 [notice] 1#1: start worker process 28
2025/04/05 07:25:00 [notice] 1#1: start worker process 29
2025/04/05 07:25:00 [notice] 1#1: start worker process 30
2025/04/05 07:25:00 [notice] 1#1: start worker process 31
2025/04/05 07:25:00 [notice] 1#1: start worker process 32
2025/04/05 07:25:00 [notice] 1#1: start worker process 33
2025/04/05 07:25:00 [notice] 1#1: start worker process 34
2025/04/05 07:25:40 [notice] 1#1: signal 3 (SIGQUIT) received, shutting down
2025/04/05 07:25:40 [notice] 31#31: gracefully shutting down
2025/04/05 07:25:40 [notice] 27#27: gracefully shutting down
2025/04/05 07:25:40 [notice] 29#29: gracefully shutting down
2025/04/05 07:25:40 [notice] 29#29: exiting
2025/04/05 07:25:40 [notice] 30#30: gracefully shutting down
2025/04/05 07:25:40 [notice] 30#30: exiting
2025/04/05 07:25:40 [notice] 28#28: gracefully shutting down
2025/04/05 07:25:40 [notice] 28#28: exiting
2025/04/05 07:25:40 [notice] 32#32: gracefully shutting down
2025/04/05 07:25:40 [notice] 32#32: exiting
2025/04/05 07:25:40 [notice] 33#33: gracefully shutting down
2025/04/05 07:25:40 [notice] 33#33: exiting
2025/04/05 07:25:40 [notice] 34#34: gracefully shutting down
2025/04/05 07:25:40 [notice] 34#34: exiting
2025/04/05 07:25:40 [notice] 31#31: exiting
2025/04/05 07:25:40 [notice] 27#27: exiting
2025/04/05 07:25:40 [notice] 29#29: exit
2025/04/05 07:25:40 [notice] 30#30: exit
2025/04/05 07:25:40 [notice] 28#28: exit
2025/04/05 07:25:40 [notice] 32#32: exit
2025/04/05 07:25:40 [notice] 33#33: exit
2025/04/05 07:25:40 [notice] 34#34: exit
2025/04/05 07:25:40 [notice] 31#31: exit
2025/04/05 07:25:40 [notice] 27#27: exit
2025/04/05 07:25:40 [notice] 1#1: signal 17 (SIGCHLD) received from 30
2025/04/05 07:25:40 [notice] 1#1: worker process 28 exited with code 0
2025/04/05 07:25:40 [notice] 1#1: worker process 29 exited with code 0
2025/04/05 07:25:40 [notice] 1#1: worker process 30 exited with code 0
2025/04/05 07:25:40 [notice] 1#1: signal 29 (SIGIO) received
2025/04/05 07:25:40 [notice] 1#1: signal 17 (SIGCHLD) received from 29
2025/04/05 07:25:40 [notice] 1#1: signal 17 (SIGCHLD) received from 33
2025/04/05 07:25:40 [notice] 1#1: worker process 33 exited with code 0
2025/04/05 07:25:40 [notice] 1#1: signal 29 (SIGIO) received
2025/04/05 07:25:40 [notice] 1#1: signal 17 (SIGCHLD) received from 27
2025/04/05 07:25:40 [notice] 1#1: worker process 27 exited with code 0
2025/04/05 07:25:40 [notice] 1#1: worker process 31 exited with code 0
2025/04/05 07:25:40 [notice] 1#1: worker process 32 exited with code 0
2025/04/05 07:25:40 [notice] 1#1: worker process 34 exited with code 0
2025/04/05 07:25:40 [notice] 1#1: exit
2025/04/05 07:25:40 [notice] 1#1: using the "epoll" event method
2025/04/05 07:25:40 [notice] 1#1: nginx/1.27.4
2025/04/05 07:25:40 [notice] 1#1: built by gcc 12.2.0 (Debian 12.2.0-14) 
2025/04/05 07:25:40 [notice] 1#1: OS: Linux 6.10.14-linuxkit
2025/04/05 07:25:40 [notice] 1#1: getrlimit(RLIMIT_NOFILE): 1048576:1048576
2025/04/05 07:25:40 [notice] 1#1: start worker processes
2025/04/05 07:25:40 [notice] 1#1: start worker process 27
2025/04/05 07:25:40 [notice] 1#1: start worker process 28
2025/04/05 07:25:40 [notice] 1#1: start worker process 29
2025/04/05 07:25:40 [notice] 1#1: start worker process 30
2025/04/05 07:25:40 [notice] 1#1: start worker process 31
2025/04/05 07:25:40 [notice] 1#1: start worker process 32
2025/04/05 07:25:40 [notice] 1#1: start worker process 33
2025/04/05 07:25:40 [notice] 1#1: start worker process 34
2025/04/06 05:08:43 [notice] 1#1: signal 3 (SIGQUIT) received, shutting down
2025/04/06 05:08:43 [notice] 27#27: gracefully shutting down
2025/04/06 05:08:43 [notice] 29#29: gracefully shutting down
2025/04/06 05:08:43 [notice] 29#29: exiting
2025/04/06 05:08:43 [notice] 30#30: gracefully shutting down
2025/04/06 05:08:43 [notice] 30#30: exiting
2025/04/06 05:08:43 [notice] 32#32: gracefully shutting down
2025/04/06 05:08:43 [notice] 28#28: gracefully shutting down
2025/04/06 05:08:43 [notice] 33#33: gracefully shutting down
2025/04/06 05:08:43 [notice] 31#31: gracefully shutting down
2025/04/06 05:08:43 [notice] 31#31: exiting
2025/04/06 05:08:43 [notice] 34#34: gracefully shutting down
2025/04/06 05:08:43 [notice] 27#27: exiting
2025/04/06 05:08:43 [notice] 27#27: exit
2025/04/06 05:08:43 [notice] 29#29: exit
2025/04/06 05:08:43 [notice] 30#30: exit
2025/04/06 05:08:43 [notice] 32#32: exiting
2025/04/06 05:08:43 [notice] 28#28: exiting
2025/04/06 05:08:43 [notice] 33#33: exiting
2025/04/06 05:08:43 [notice] 31#31: exit
2025/04/06 05:08:43 [notice] 34#34: exiting
2025/04/06 05:08:43 [notice] 34#34: exit
2025/04/06 05:08:43 [notice] 32#32: exit
2025/04/06 05:08:43 [notice] 28#28: exit
2025/04/06 05:08:43 [notice] 33#33: exit
2025/04/06 05:08:43 [notice] 1#1: signal 17 (SIGCHLD) received from 29
2025/04/06 05:08:43 [notice] 1#1: worker process 29 exited with code 0
2025/04/06 05:08:43 [notice] 1#1: signal 29 (SIGIO) received
2025/04/06 05:08:43 [notice] 1#1: signal 17 (SIGCHLD) received from 32
2025/04/06 05:08:43 [notice] 1#1: worker process 27 exited with code 0
2025/04/06 05:08:43 [notice] 1#1: worker process 31 exited with code 0
2025/04/06 05:08:43 [notice] 1#1: worker process 32 exited with code 0
2025/04/06 05:08:43 [notice] 1#1: worker process 30 exited with code 0
2025/04/06 05:08:43 [notice] 1#1: signal 29 (SIGIO) received
2025/04/06 05:08:43 [notice] 1#1: signal 17 (SIGCHLD) received from 30
2025/04/06 05:08:43 [notice] 1#1: signal 17 (SIGCHLD) received from 34
2025/04/06 05:08:43 [notice] 1#1: worker process 28 exited with code 0
2025/04/06 05:08:43 [notice] 1#1: worker process 33 exited with code 0
2025/04/06 05:08:43 [notice] 1#1: worker process 34 exited with code 0
2025/04/06 05:08:43 [notice] 1#1: exit
2025/04/06 05:08:44 [emerg] 1#1: "server" directive is not allowed here in /etc/nginx/conf.d/default.conf:107
2025/04/06 05:08:44 [emerg] 1#1: "server" directive is not allowed here in /etc/nginx/conf.d/default.conf:107
2025/04/06 05:08:45 [emerg] 1#1: "server" directive is not allowed here in /etc/nginx/conf.d/default.conf:107
2025/04/06 05:08:46 [emerg] 1#1: "server" directive is not allowed here in /etc/nginx/conf.d/default.conf:107
2025/04/06 05:08:47 [emerg] 1#1: "server" directive is not allowed here in /etc/nginx/conf.d/default.conf:107
2025/04/06 05:08:48 [emerg] 1#1: "server" directive is not allowed here in /etc/nginx/conf.d/default.conf:107
2025/04/06 05:08:52 [emerg] 1#1: "server" directive is not allowed here in /etc/nginx/conf.d/default.conf:107
2025/04/06 05:08:58 [emerg] 1#1: "server" directive is not allowed here in /etc/nginx/conf.d/default.conf:107
2025/04/06 05:09:11 [emerg] 1#1: "server" directive is not allowed here in /etc/nginx/conf.d/default.conf:107
2025/04/06 05:09:37 [emerg] 1#1: "server" directive is not allowed here in /etc/nginx/conf.d/default.conf:107
2025/04/06 05:09:47 [emerg] 1#1: "server" directive is not allowed here in /etc/nginx/conf.d/default.conf:107
2025/04/06 05:09:47 [emerg] 1#1: "server" directive is not allowed here in /etc/nginx/conf.d/default.conf:107
2025/04/06 05:09:48 [emerg] 1#1: "server" directive is not allowed here in /etc/nginx/conf.d/default.conf:107
2025/04/06 05:09:48 [emerg] 1#1: "server" directive is not allowed here in /etc/nginx/conf.d/default.conf:107
2025/04/06 05:09:49 [emerg] 1#1: "server" directive is not allowed here in /etc/nginx/conf.d/default.conf:107
2025/04/06 05:09:51 [emerg] 1#1: "server" directive is not allowed here in /etc/nginx/conf.d/default.conf:107
2025/04/06 05:09:55 [emerg] 1#1: "server" directive is not allowed here in /etc/nginx/conf.d/default.conf:107
2025/04/06 05:10:01 [emerg] 1#1: "server" directive is not allowed here in /etc/nginx/conf.d/default.conf:107
2025/04/06 05:10:14 [emerg] 1#1: "server" directive is not allowed here in /etc/nginx/conf.d/default.conf:107
2025/04/06 05:10:40 [emerg] 1#1: "server" directive is not allowed here in /etc/nginx/conf.d/default.conf:107
2025/04/06 05:10:56 [emerg] 1#1: "server" directive is not allowed here in /etc/nginx/conf.d/default.conf:107
2025/04/06 05:10:57 [emerg] 1#1: "server" directive is not allowed here in /etc/nginx/conf.d/default.conf:107
2025/04/06 05:10:57 [emerg] 1#1: "server" directive is not allowed here in /etc/nginx/conf.d/default.conf:107
2025/04/06 05:10:58 [emerg] 1#1: "server" directive is not allowed here in /etc/nginx/conf.d/default.conf:107
2025/04/06 05:10:59 [emerg] 1#1: "server" directive is not allowed here in /etc/nginx/conf.d/default.conf:107
2025/04/06 05:11:00 [emerg] 1#1: "server" directive is not allowed here in /etc/nginx/conf.d/default.conf:107
2025/04/06 05:11:04 [emerg] 1#1: "server" directive is not allowed here in /etc/nginx/conf.d/default.conf:107
2025/04/06 05:11:10 [emerg] 1#1: "server" directive is not allowed here in /etc/nginx/conf.d/default.conf:107
2025/04/06 05:11:23 [emerg] 1#1: "server" directive is not allowed here in /etc/nginx/conf.d/default.conf:107
2025/04/06 05:11:49 [emerg] 1#1: "server" directive is not allowed here in /etc/nginx/conf.d/default.conf:107
2025/04/06 05:12:41 [emerg] 1#1: "server" directive is not allowed here in /etc/nginx/conf.d/default.conf:107
2025/04/06 05:13:41 [emerg] 1#1: "server" directive is not allowed here in /etc/nginx/conf.d/default.conf:107
2025/04/06 05:14:41 [emerg] 1#1: "server" directive is not allowed here in /etc/nginx/conf.d/default.conf:107
2025/04/06 05:15:41 [emerg] 1#1: "server" directive is not allowed here in /etc/nginx/conf.d/default.conf:107
2025/04/06 05:16:42 [emerg] 1#1: "server" directive is not allowed here in /etc/nginx/conf.d/default.conf:107
2025/04/06 05:17:42 [emerg] 1#1: "server" directive is not allowed here in /etc/nginx/conf.d/default.conf:107
2025/04/06 05:18:42 [emerg] 1#1: "server" directive is not allowed here in /etc/nginx/conf.d/default.conf:107
2025/04/06 05:19:42 [emerg] 1#1: "server" directive is not allowed here in /etc/nginx/conf.d/default.conf:107
2025/04/06 05:20:42 [emerg] 1#1: "server" directive is not allowed here in /etc/nginx/conf.d/default.conf:107
2025/04/06 05:21:32 [notice] 1#1: using the "epoll" event method
2025/04/06 05:21:32 [notice] 1#1: nginx/1.27.4
2025/04/06 05:21:32 [notice] 1#1: built by gcc 12.2.0 (Debian 12.2.0-14) 
2025/04/06 05:21:32 [notice] 1#1: OS: Linux 6.10.14-linuxkit
2025/04/06 05:21:32 [notice] 1#1: getrlimit(RLIMIT_NOFILE): 1048576:1048576
2025/04/06 05:21:32 [notice] 1#1: start worker processes
2025/04/06 05:21:32 [notice] 1#1: start worker process 28
2025/04/06 05:21:32 [notice] 1#1: start worker process 29
2025/04/06 05:21:32 [notice] 1#1: start worker process 30
2025/04/06 05:21:32 [notice] 1#1: start worker process 31
2025/04/06 05:21:32 [notice] 1#1: start worker process 32
2025/04/06 05:21:32 [notice] 1#1: start worker process 33
2025/04/06 05:21:32 [notice] 1#1: start worker process 34
2025/04/06 05:21:32 [notice] 1#1: start worker process 35
2025/04/06 05:21:53 [notice] 1#1: signal 3 (SIGQUIT) received, shutting down
2025/04/06 05:21:53 [notice] 29#29: gracefully shutting down
2025/04/06 05:21:53 [notice] 31#31: gracefully shutting down
2025/04/06 05:21:53 [notice] 33#33: gracefully shutting down
2025/04/06 05:21:53 [notice] 33#33: exiting
2025/04/06 05:21:53 [notice] 35#35: gracefully shutting down
2025/04/06 05:21:53 [notice] 35#35: exiting
2025/04/06 05:21:53 [notice] 30#30: gracefully shutting down
2025/04/06 05:21:53 [notice] 30#30: exiting
2025/04/06 05:21:53 [notice] 32#32: gracefully shutting down
2025/04/06 05:21:53 [notice] 28#28: gracefully shutting down
2025/04/06 05:21:53 [notice] 34#34: gracefully shutting down
2025/04/06 05:21:53 [notice] 29#29: exiting
2025/04/06 05:21:53 [notice] 31#31: exiting
2025/04/06 05:21:53 [notice] 31#31: exit
2025/04/06 05:21:53 [notice] 33#33: exit
2025/04/06 05:21:53 [notice] 35#35: exit
2025/04/06 05:21:53 [notice] 30#30: exit
2025/04/06 05:21:53 [notice] 32#32: exiting
2025/04/06 05:21:53 [notice] 28#28: exiting
2025/04/06 05:21:53 [notice] 34#34: exiting
2025/04/06 05:21:53 [notice] 34#34: exit
2025/04/06 05:21:53 [notice] 29#29: exit
2025/04/06 05:21:53 [notice] 32#32: exit
2025/04/06 05:21:53 [notice] 28#28: exit
2025/04/06 05:21:53 [notice] 1#1: signal 17 (SIGCHLD) received from 33
2025/04/06 05:21:53 [notice] 1#1: worker process 33 exited with code 0
2025/04/06 05:21:53 [notice] 1#1: signal 29 (SIGIO) received
2025/04/06 05:21:53 [notice] 1#1: signal 17 (SIGCHLD) received from 32
2025/04/06 05:21:53 [notice] 1#1: worker process 30 exited with code 0
2025/04/06 05:21:53 [notice] 1#1: worker process 31 exited with code 0
2025/04/06 05:21:53 [notice] 1#1: worker process 32 exited with code 0
2025/04/06 05:21:53 [notice] 1#1: signal 29 (SIGIO) received
2025/04/06 05:21:53 [notice] 1#1: signal 17 (SIGCHLD) received from 34
2025/04/06 05:21:53 [notice] 1#1: worker process 28 exited with code 0
2025/04/06 05:21:53 [notice] 1#1: worker process 29 exited with code 0
2025/04/06 05:21:53 [notice] 1#1: worker process 34 exited with code 0
2025/04/06 05:21:53 [notice] 1#1: signal 29 (SIGIO) received
2025/04/06 05:21:53 [notice] 1#1: signal 17 (SIGCHLD) received from 35
2025/04/06 05:21:53 [notice] 1#1: worker process 35 exited with code 0
2025/04/06 05:21:53 [notice] 1#1: exit
2025/04/06 05:22:04 [notice] 1#1: using the "epoll" event method
2025/04/06 05:22:04 [notice] 1#1: nginx/1.27.4
2025/04/06 05:22:04 [notice] 1#1: built by gcc 12.2.0 (Debian 12.2.0-14) 
2025/04/06 05:22:04 [notice] 1#1: OS: Linux 6.10.14-linuxkit
2025/04/06 05:22:04 [notice] 1#1: getrlimit(RLIMIT_NOFILE): 1048576:1048576
2025/04/06 05:22:04 [notice] 1#1: start worker processes
2025/04/06 05:22:04 [notice] 1#1: start worker process 28
2025/04/06 05:22:04 [notice] 1#1: start worker process 29
2025/04/06 05:22:04 [notice] 1#1: start worker process 30
2025/04/06 05:22:04 [notice] 1#1: start worker process 31
2025/04/06 05:22:04 [notice] 1#1: start worker process 32
2025/04/06 05:22:04 [notice] 1#1: start worker process 33
2025/04/06 05:22:04 [notice] 1#1: start worker process 34
2025/04/06 05:22:04 [notice] 1#1: start worker process 35
2025/04/06 05:24:37 [notice] 1#1: signal 3 (SIGQUIT) received, shutting down
2025/04/06 05:24:37 [notice] 28#28: gracefully shutting down
2025/04/06 05:24:37 [notice] 28#28: exiting
2025/04/06 05:24:37 [notice] 30#30: gracefully shutting down
2025/04/06 05:24:37 [notice] 30#30: exiting
2025/04/06 05:24:37 [notice] 29#29: gracefully shutting down
2025/04/06 05:24:37 [notice] 31#31: gracefully shutting down
2025/04/06 05:24:37 [notice] 33#33: gracefully shutting down
2025/04/06 05:24:37 [notice] 33#33: exiting
2025/04/06 05:24:37 [notice] 34#34: gracefully shutting down
2025/04/06 05:24:37 [notice] 35#35: gracefully shutting down
2025/04/06 05:24:37 [notice] 32#32: gracefully shutting down
2025/04/06 05:24:37 [notice] 32#32: exiting
2025/04/06 05:24:37 [notice] 28#28: exit
2025/04/06 05:24:37 [notice] 30#30: exit
2025/04/06 05:24:37 [notice] 29#29: exiting
2025/04/06 05:24:37 [notice] 29#29: exit
2025/04/06 05:24:37 [notice] 31#31: exiting
2025/04/06 05:24:37 [notice] 31#31: exit
2025/04/06 05:24:37 [notice] 33#33: exit
2025/04/06 05:24:37 [notice] 34#34: exiting
2025/04/06 05:24:37 [notice] 35#35: exiting
2025/04/06 05:24:37 [notice] 35#35: exit
2025/04/06 05:24:37 [notice] 32#32: exit
2025/04/06 05:24:37 [notice] 34#34: exit
2025/04/06 05:24:37 [notice] 1#1: signal 17 (SIGCHLD) received from 28
2025/04/06 05:24:37 [notice] 1#1: worker process 28 exited with code 0
2025/04/06 05:24:37 [notice] 1#1: signal 29 (SIGIO) received
2025/04/06 05:24:37 [notice] 1#1: signal 17 (SIGCHLD) received from 29
2025/04/06 05:24:37 [notice] 1#1: worker process 29 exited with code 0
2025/04/06 05:24:37 [notice] 1#1: worker process 30 exited with code 0
2025/04/06 05:24:37 [notice] 1#1: signal 29 (SIGIO) received
2025/04/06 05:24:37 [notice] 1#1: signal 17 (SIGCHLD) received from 31
2025/04/06 05:24:37 [notice] 1#1: worker process 31 exited with code 0
2025/04/06 05:24:37 [notice] 1#1: signal 29 (SIGIO) received
2025/04/06 05:24:37 [notice] 1#1: signal 17 (SIGCHLD) received from 34
2025/04/06 05:24:37 [notice] 1#1: worker process 33 exited with code 0
2025/04/06 05:24:37 [notice] 1#1: worker process 34 exited with code 0
2025/04/06 05:24:37 [notice] 1#1: signal 29 (SIGIO) received
2025/04/06 05:24:37 [notice] 1#1: signal 17 (SIGCHLD) received from 35
2025/04/06 05:24:37 [notice] 1#1: worker process 32 exited with code 0
2025/04/06 05:24:37 [notice] 1#1: worker process 35 exited with code 0
2025/04/06 05:24:37 [notice] 1#1: exit
2025/04/06 05:24:38 [notice] 1#1: using the "epoll" event method
2025/04/06 05:24:38 [notice] 1#1: nginx/1.27.4
2025/04/06 05:24:38 [notice] 1#1: built by gcc 12.2.0 (Debian 12.2.0-14) 
2025/04/06 05:24:38 [notice] 1#1: OS: Linux 6.10.14-linuxkit
2025/04/06 05:24:38 [notice] 1#1: getrlimit(RLIMIT_NOFILE): 1048576:1048576
2025/04/06 05:24:38 [notice] 1#1: start worker processes
2025/04/06 05:24:38 [notice] 1#1: start worker process 28
2025/04/06 05:24:38 [notice] 1#1: start worker process 29
2025/04/06 05:24:38 [notice] 1#1: start worker process 30
2025/04/06 05:24:38 [notice] 1#1: start worker process 31
2025/04/06 05:24:38 [notice] 1#1: start worker process 32
2025/04/06 05:24:38 [notice] 1#1: start worker process 33
2025/04/06 05:24:38 [notice] 1#1: start worker process 34
2025/04/06 05:24:38 [notice] 1#1: start worker process 35
2025/04/06 05:27:19 [notice] 1#1: signal 3 (SIGQUIT) received, shutting down
2025/04/06 05:27:19 [notice] 28#28: gracefully shutting down
2025/04/06 05:27:19 [notice] 28#28: exiting
2025/04/06 05:27:19 [notice] 33#33: gracefully shutting down
2025/04/06 05:27:19 [notice] 34#34: gracefully shutting down
2025/04/06 05:27:19 [notice] 34#34: exiting
2025/04/06 05:27:19 [notice] 29#29: gracefully shutting down
2025/04/06 05:27:19 [notice] 35#35: gracefully shutting down
2025/04/06 05:27:19 [notice] 32#32: gracefully shutting down
2025/04/06 05:27:19 [notice] 30#30: gracefully shutting down
2025/04/06 05:27:19 [notice] 31#31: gracefully shutting down
2025/04/06 05:27:19 [notice] 31#31: exiting
2025/04/06 05:27:19 [notice] 28#28: exit
2025/04/06 05:27:19 [notice] 33#33: exiting
2025/04/06 05:27:19 [notice] 33#33: exit
2025/04/06 05:27:19 [notice] 34#34: exit
2025/04/06 05:27:19 [notice] 29#29: exiting
2025/04/06 05:27:19 [notice] 29#29: exit
2025/04/06 05:27:19 [notice] 35#35: exiting
2025/04/06 05:27:19 [notice] 35#35: exit
2025/04/06 05:27:19 [notice] 32#32: exiting
2025/04/06 05:27:19 [notice] 32#32: exit
2025/04/06 05:27:19 [notice] 30#30: exiting
2025/04/06 05:27:19 [notice] 30#30: exit
2025/04/06 05:27:19 [notice] 31#31: exit
2025/04/06 05:27:19 [notice] 1#1: signal 17 (SIGCHLD) received from 28
2025/04/06 05:27:19 [notice] 1#1: worker process 28 exited with code 0
2025/04/06 05:27:19 [notice] 1#1: signal 29 (SIGIO) received
2025/04/06 05:27:19 [notice] 1#1: signal 17 (SIGCHLD) received from 35
2025/04/06 05:27:19 [notice] 1#1: worker process 29 exited with code 0
2025/04/06 05:27:19 [notice] 1#1: worker process 35 exited with code 0
2025/04/06 05:27:19 [notice] 1#1: signal 29 (SIGIO) received
2025/04/06 05:27:19 [notice] 1#1: signal 17 (SIGCHLD) received from 33
2025/04/06 05:27:19 [notice] 1#1: worker process 33 exited with code 0
2025/04/06 05:27:19 [notice] 1#1: worker process 32 exited with code 0
2025/04/06 05:27:19 [notice] 1#1: worker process 34 exited with code 0
2025/04/06 05:27:19 [notice] 1#1: signal 29 (SIGIO) received
2025/04/06 05:27:19 [notice] 1#1: signal 17 (SIGCHLD) received from 32
2025/04/06 05:27:19 [notice] 1#1: signal 17 (SIGCHLD) received from 31
2025/04/06 05:27:19 [notice] 1#1: worker process 31 exited with code 0
2025/04/06 05:27:19 [notice] 1#1: signal 29 (SIGIO) received
2025/04/06 05:27:19 [notice] 1#1: signal 17 (SIGCHLD) received from 30
2025/04/06 05:27:19 [notice] 1#1: worker process 30 exited with code 0
2025/04/06 05:27:19 [notice] 1#1: exit
2025/04/06 05:27:20 [notice] 1#1: using the "epoll" event method
2025/04/06 05:27:20 [notice] 1#1: nginx/1.27.4
2025/04/06 05:27:20 [notice] 1#1: built by gcc 12.2.0 (Debian 12.2.0-14) 
2025/04/06 05:27:20 [notice] 1#1: OS: Linux 6.10.14-linuxkit
2025/04/06 05:27:20 [notice] 1#1: getrlimit(RLIMIT_NOFILE): 1048576:1048576
2025/04/06 05:27:20 [notice] 1#1: start worker processes
2025/04/06 05:27:20 [notice] 1#1: start worker process 28
2025/04/06 05:27:20 [notice] 1#1: start worker process 29
2025/04/06 05:27:20 [notice] 1#1: start worker process 30
2025/04/06 05:27:20 [notice] 1#1: start worker process 31
2025/04/06 05:27:20 [notice] 1#1: start worker process 32
2025/04/06 05:27:20 [notice] 1#1: start worker process 33
2025/04/06 05:27:20 [notice] 1#1: start worker process 34
2025/04/06 05:27:20 [notice] 1#1: start worker process 35
2025/04/06 05:31:05 [notice] 1#1: signal 3 (SIGQUIT) received, shutting down
2025/04/06 05:31:05 [notice] 28#28: gracefully shutting down
2025/04/06 05:31:05 [notice] 30#30: gracefully shutting down
2025/04/06 05:31:05 [notice] 29#29: gracefully shutting down
2025/04/06 05:31:05 [notice] 29#29: exiting
2025/04/06 05:31:05 [notice] 31#31: gracefully shutting down
2025/04/06 05:31:05 [notice] 34#34: gracefully shutting down
2025/04/06 05:31:05 [notice] 32#32: gracefully shutting down
2025/04/06 05:31:05 [notice] 33#33: gracefully shutting down
2025/04/06 05:31:05 [notice] 35#35: gracefully shutting down
2025/04/06 05:31:05 [notice] 28#28: exiting
2025/04/06 05:31:05 [notice] 32#32: exiting
2025/04/06 05:31:05 [notice] 30#30: exiting
2025/04/06 05:31:05 [notice] 30#30: exit
2025/04/06 05:31:05 [notice] 29#29: exit
2025/04/06 05:31:05 [notice] 31#31: exiting
2025/04/06 05:31:05 [notice] 34#34: exiting
2025/04/06 05:31:05 [notice] 34#34: exit
2025/04/06 05:31:05 [notice] 33#33: exiting
2025/04/06 05:31:05 [notice] 28#28: exit
2025/04/06 05:31:05 [notice] 35#35: exiting
2025/04/06 05:31:05 [notice] 35#35: exit
2025/04/06 05:31:05 [notice] 32#32: exit
2025/04/06 05:31:05 [notice] 31#31: exit
2025/04/06 05:31:05 [notice] 33#33: exit
2025/04/06 05:31:05 [notice] 1#1: signal 17 (SIGCHLD) received from 29
2025/04/06 05:31:05 [notice] 1#1: worker process 28 exited with code 0
2025/04/06 05:31:05 [notice] 1#1: worker process 29 exited with code 0
2025/04/06 05:31:05 [notice] 1#1: worker process 30 exited with code 0
2025/04/06 05:31:05 [notice] 1#1: worker process 34 exited with code 0
2025/04/06 05:31:05 [notice] 1#1: signal 29 (SIGIO) received
2025/04/06 05:31:05 [notice] 1#1: signal 17 (SIGCHLD) received from 35
2025/04/06 05:31:05 [notice] 1#1: worker process 35 exited with code 0
2025/04/06 05:31:05 [notice] 1#1: signal 29 (SIGIO) received
2025/04/06 05:31:05 [notice] 1#1: signal 17 (SIGCHLD) received from 33
2025/04/06 05:31:05 [notice] 1#1: worker process 32 exited with code 0
2025/04/06 05:31:05 [notice] 1#1: worker process 33 exited with code 0
2025/04/06 05:31:05 [notice] 1#1: signal 29 (SIGIO) received
2025/04/06 05:31:05 [notice] 1#1: signal 17 (SIGCHLD) received from 31
2025/04/06 05:31:05 [notice] 1#1: worker process 31 exited with code 0
2025/04/06 05:31:05 [notice] 1#1: exit
